<?xml version="1.0" encoding="UTF-8"?>
<testsuite name="tests_trello.BoardCreation" tests="1" skipped="0" failures="0" errors="0" timestamp="2022-02-23T10:44:09" hostname="LAPTOP-BETKQUU3" time="26.332">
  <properties/>
  <testcase name="boardCreationTestNew" classname="tests_trello.BoardCreation" time="26.332"/>
  <system-out><![CDATA[]]></system-out>
  <system-err><![CDATA[]]></system-err>
</testsuite>
